Arguments: 
  /usr/local/bin/node /usr/local/bin/yarn start

PATH: 
  /usr/local/bin:/usr/bin:/bin:/usr/sbin:/sbin:/Library/Apple/usr/bin:/usr/local/sbin:/Users/yangyufan/demo/node_modules/.bin

Yarn version: 
  1.22.10

Node version: 
  12.20.2

Platform: 
  darwin x64

Trace: 
  SyntaxError: /Users/yangyufan/demo/package.json: Unexpected token , in JSON at position 352
      at JSON.parse (<anonymous>)
      at /usr/local/lib/node_modules/yarn/lib/cli.js:1625:59
      at Generator.next (<anonymous>)
      at step (/usr/local/lib/node_modules/yarn/lib/cli.js:310:30)
      at /usr/local/lib/node_modules/yarn/lib/cli.js:321:13

npm manifest: 
  {
    "name": "demo",
    "version": "1.0.0",
    "main": "index.js",
    "repository": "https://github.com/canisminor1990/demo.git",
    "author": "倏昱 <yufan.yyf@antgroup.com>",
    "license": "MIT",
    "scripts": {
      "start": "node ./index.js"
    },
    "dependencies": {
      "chalk": "^4.1.0",
      "child_process": "^1.0.2",
      "inquirer-promise": "^1.0.0"
    }
  },

yarn manifest: 
  No manifest

Lockfile: 
  # THIS IS AN AUTOGENERATED FILE. DO NOT EDIT THIS FILE DIRECTLY.
  # yarn lockfile v1
  
  
  ansi-escapes@^1.1.0:
    version "1.4.0"
    resolved "https://registry.npm.taobao.org/ansi-escapes/download/ansi-escapes-1.4.0.tgz?cache=0&sync_timestamp=1616593406066&other_urls=https%3A%2F%2Fregistry.npm.taobao.org%2Fansi-escapes%2Fdownload%2Fansi-escapes-1.4.0.tgz#d3a8a83b319aa67793662b13e761c7911422306e"
    integrity sha1-06ioOzGapneTZisT52HHkRQiMG4=
  
  ansi-regex@^2.0.0:
    version "2.1.1"
    resolved "https://registry.npm.taobao.org/ansi-regex/download/ansi-regex-2.1.1.tgz#c3b33ab5ee360d86e0e628f0468ae7ef27d654df"
    integrity sha1-w7M6te42DYbg5ijwRorn7yfWVN8=
  
  ansi-styles@^2.2.1:
    version "2.2.1"
    resolved "https://registry.npm.taobao.org/ansi-styles/download/ansi-styles-2.2.1.tgz?cache=0&sync_timestamp=1611327117754&other_urls=https%3A%2F%2Fregistry.npm.taobao.org%2Fansi-styles%2Fdownload%2Fansi-styles-2.2.1.tgz#b432dd3358b634cf75e1e4664368240533c1ddbe"
    integrity sha1-tDLdM1i2NM914eRmQ2gkBTPB3b4=
  
  ansi-styles@^4.1.0:
    version "4.3.0"
    resolved "https://registry.npm.taobao.org/ansi-styles/download/ansi-styles-4.3.0.tgz?cache=0&sync_timestamp=1611327117754&other_urls=https%3A%2F%2Fregistry.npm.taobao.org%2Fansi-styles%2Fdownload%2Fansi-styles-4.3.0.tgz#edd803628ae71c04c85ae7a0906edad34b648937"
    integrity sha1-7dgDYornHATIWuegkG7a00tkiTc=
    dependencies:
      color-convert "^2.0.1"
  
  buffer-from@^1.0.0:
    version "1.1.1"
    resolved "https://registry.npm.taobao.org/buffer-from/download/buffer-from-1.1.1.tgz#32713bc028f75c02fdb710d7c7bcec1f2c6070ef"
    integrity sha1-MnE7wCj3XAL9txDXx7zsHyxgcO8=
  
  chalk@^1.0.0:
    version "1.1.3"
    resolved "https://registry.npm.taobao.org/chalk/download/chalk-1.1.3.tgz#a8115c55e4a702fe4d150abd3872822a7e09fc98"
    integrity sha1-qBFcVeSnAv5NFQq9OHKCKn4J/Jg=
    dependencies:
      ansi-styles "^2.2.1"
      escape-string-regexp "^1.0.2"
      has-ansi "^2.0.0"
      strip-ansi "^3.0.0"
      supports-color "^2.0.0"
  
  chalk@^4.1.0:
    version "4.1.0"
    resolved "https://registry.npm.taobao.org/chalk/download/chalk-4.1.0.tgz#4e14870a618d9e2edd97dd8345fd9d9dc315646a"
    integrity sha1-ThSHCmGNni7dl92DRf2dncMVZGo=
    dependencies:
      ansi-styles "^4.1.0"
      supports-color "^7.1.0"
  
  child_process@^1.0.2:
    version "1.0.2"
    resolved "https://registry.npm.taobao.org/child_process/download/child_process-1.0.2.tgz#b1f7e7fc73d25e7fd1d455adc94e143830182b5a"
    integrity sha1-sffn/HPSXn/R1FWtyU4UODAYK1o=
  
  cli-cursor@^1.0.1:
    version "1.0.2"
    resolved "https://registry.npm.taobao.org/cli-cursor/download/cli-cursor-1.0.2.tgz#64da3f7d56a54412e59794bd62dc35295e8f2987"
    integrity sha1-ZNo/fValRBLll5S9Ytw1KV6PKYc=
    dependencies:
      restore-cursor "^1.0.1"
  
  cli-width@^2.0.0:
    version "2.2.1"
    resolved "https://registry.npm.taobao.org/cli-width/download/cli-width-2.2.1.tgz#b0433d0b4e9c847ef18868a4ef16fd5fc8271c48"
    integrity sha1-sEM9C06chH7xiGik7xb9X8gnHEg=
  
  code-point-at@^1.0.0:
    version "1.1.0"
    resolved "https://registry.npm.taobao.org/code-point-at/download/code-point-at-1.1.0.tgz#0d070b4d043a5bea33a2f1a40e2edb3d9a4ccf77"
    integrity sha1-DQcLTQQ6W+ozovGkDi7bPZpMz3c=
  
  color-convert@^2.0.1:
    version "2.0.1"
    resolved "https://registry.npm.taobao.org/color-convert/download/color-convert-2.0.1.tgz#72d3a68d598c9bdb3af2ad1e84f21d896abd4de3"
    integrity sha1-ctOmjVmMm9s68q0ehPIdiWq9TeM=
    dependencies:
      color-name "~1.1.4"
  
  color-name@~1.1.4:
    version "1.1.4"
    resolved "https://registry.npm.taobao.org/color-name/download/color-name-1.1.4.tgz#c2a09a87acbde69543de6f63fa3995c826c536a2"
    integrity sha1-wqCah6y95pVD3m9j+jmVyCbFNqI=
  
  concat-stream@^1.4.7:
    version "1.6.2"
    resolved "https://registry.npm.taobao.org/concat-stream/download/concat-stream-1.6.2.tgz#904bdf194cd3122fc675c77fc4ac3d4ff0fd1a34"
    integrity sha1-kEvfGUzTEi/Gdcd/xKw9T/D9GjQ=
    dependencies:
      buffer-from "^1.0.0"
      inherits "^2.0.3"
      readable-stream "^2.2.2"
      typedarray "^0.0.6"
  
  core-util-is@~1.0.0:
    version "1.0.2"
    resolved "https://registry.npm.taobao.org/core-util-is/download/core-util-is-1.0.2.tgz#b5fd54220aa2bc5ab57aab7140c940754503c1a7"
    integrity sha1-tf1UIgqivFq1eqtxQMlAdUUDwac=
  
  escape-string-regexp@^1.0.2, escape-string-regexp@^1.0.5:
    version "1.0.5"
    resolved "https://registry.npm.taobao.org/escape-string-regexp/download/escape-string-regexp-1.0.5.tgz#1b61c0562190a8dff6ae3bb2cf0200ca130b86d4"
    integrity sha1-G2HAViGQqN/2rjuyzwIAyhMLhtQ=
  
  exit-hook@^1.0.0:
    version "1.1.1"
    resolved "https://registry.npm.taobao.org/exit-hook/download/exit-hook-1.1.1.tgz#f05ca233b48c05d54fff07765df8507e95c02ff8"
    integrity sha1-8FyiM7SMBdVP/wd2XfhQfpXAL/g=
  
  extend@^3.0.0:
    version "3.0.2"
    resolved "https://registry.npm.taobao.org/extend/download/extend-3.0.2.tgz#f8b1136b4071fbd8eb140aff858b1019ec2915fa"
    integrity sha1-+LETa0Bx+9jrFAr/hYsQGewpFfo=
  
  external-editor@^1.1.0:
    version "1.1.1"
    resolved "https://registry.npm.taobao.org/external-editor/download/external-editor-1.1.1.tgz#12d7b0db850f7ff7e7081baf4005700060c4600b"
    integrity sha1-Etew24UPf/fnCBuvQAVwAGDEYAs=
    dependencies:
      extend "^3.0.0"
      spawn-sync "^1.0.15"
      tmp "^0.0.29"
  
  figures@^1.3.5:
    version "1.7.0"
    resolved "https://registry.npm.taobao.org/figures/download/figures-1.7.0.tgz#cbe1e3affcf1cd44b80cadfed28dc793a9701d2e"
    integrity sha1-y+Hjr/zxzUS4DK3+0o3Hk6lwHS4=
    dependencies:
      escape-string-regexp "^1.0.5"
      object-assign "^4.1.0"
  
  has-ansi@^2.0.0:
    version "2.0.0"
    resolved "https://registry.npm.taobao.org/has-ansi/download/has-ansi-2.0.0.tgz?cache=0&sync_timestamp=1614331239241&other_urls=https%3A%2F%2Fregistry.npm.taobao.org%2Fhas-ansi%2Fdownload%2Fhas-ansi-2.0.0.tgz#34f5049ce1ecdf2b0649af3ef24e45ed35416d91"
    integrity sha1-NPUEnOHs3ysGSa8+8k5F7TVBbZE=
    dependencies:
      ansi-regex "^2.0.0"
  
  has-flag@^4.0.0:
    version "4.0.0"
    resolved "https://registry.npm.taobao.org/has-flag/download/has-flag-4.0.0.tgz#944771fd9c81c81265c4d6941860da06bb59479b"
    integrity sha1-lEdx/ZyByBJlxNaUGGDaBrtZR5s=
  
  inherits@^2.0.3, inherits@~2.0.3:
    version "2.0.4"
    resolved "https://registry.npm.taobao.org/inherits/download/inherits-2.0.4.tgz#0fa2c64f932917c3433a0ded55363aae37416b7c"
    integrity sha1-D6LGT5MpF8NDOg3tVTY6rjdBa3w=
  
  inquirer-promise@^1.0.0:
    version "1.0.0"
    resolved "https://registry.npm.taobao.org/inquirer-promise/download/inquirer-promise-1.0.0.tgz#45892ac3d267c9453fa0f0da1c93f945027f0559"
    integrity sha1-RYkqw9JnyUU/oPDaHJP5RQJ/BVk=
    dependencies:
      inquirer "^1.2.1"
  
  inquirer@^1.2.1:
    version "1.2.3"
    resolved "https://registry.npm.taobao.org/inquirer/download/inquirer-1.2.3.tgz#4dec6f32f37ef7bb0b2ed3f1d1a5c3f545074918"
    integrity sha1-TexvMvN+97sLLtPx0aXD9UUHSRg=
    dependencies:
      ansi-escapes "^1.1.0"
      chalk "^1.0.0"
      cli-cursor "^1.0.1"
      cli-width "^2.0.0"
      external-editor "^1.1.0"
      figures "^1.3.5"
      lodash "^4.3.0"
      mute-stream "0.0.6"
      pinkie-promise "^2.0.0"
      run-async "^2.2.0"
      rx "^4.1.0"
      string-width "^1.0.1"
      strip-ansi "^3.0.0"
      through "^2.3.6"
  
  is-fullwidth-code-point@^1.0.0:
    version "1.0.0"
    resolved "https://registry.npm.taobao.org/is-fullwidth-code-point/download/is-fullwidth-code-point-1.0.0.tgz#ef9e31386f031a7f0d643af82fde50c457ef00cb"
    integrity sha1-754xOG8DGn8NZDr4L95QxFfvAMs=
    dependencies:
      number-is-nan "^1.0.0"
  
  isarray@~1.0.0:
    version "1.0.0"
    resolved "https://registry.npm.taobao.org/isarray/download/isarray-1.0.0.tgz#bb935d48582cba168c06834957a54a3e07124f11"
    integrity sha1-u5NdSFgsuhaMBoNJV6VKPgcSTxE=
  
  lodash@^4.3.0:
    version "4.17.21"
    resolved "https://registry.npm.taobao.org/lodash/download/lodash-4.17.21.tgz?cache=0&sync_timestamp=1613835860585&other_urls=https%3A%2F%2Fregistry.npm.taobao.org%2Flodash%2Fdownload%2Flodash-4.17.21.tgz#679591c564c3bffaae8454cf0b3df370c3d6911c"
    integrity sha1-Z5WRxWTDv/quhFTPCz3zcMPWkRw=
  
  mute-stream@0.0.6:
    version "0.0.6"
    resolved "https://registry.npm.taobao.org/mute-stream/download/mute-stream-0.0.6.tgz#48962b19e169fd1dfc240b3f1e7317627bbc47db"
    integrity sha1-SJYrGeFp/R38JAs/HnMXYnu8R9s=
  
  number-is-nan@^1.0.0:
    version "1.0.1"
    resolved "https://registry.npm.taobao.org/number-is-nan/download/number-is-nan-1.0.1.tgz#097b602b53422a522c1afb8790318336941a011d"
    integrity sha1-CXtgK1NCKlIsGvuHkDGDNpQaAR0=
  
  object-assign@^4.1.0:
    version "4.1.1"
    resolved "https://registry.npm.taobao.org/object-assign/download/object-assign-4.1.1.tgz#2109adc7965887cfc05cbbd442cac8bfbb360863"
    integrity sha1-IQmtx5ZYh8/AXLvUQsrIv7s2CGM=
  
  onetime@^1.0.0:
    version "1.1.0"
    resolved "https://registry.npm.taobao.org/onetime/download/onetime-1.1.0.tgz#a1f7838f8314c516f05ecefcbc4ccfe04b4ed789"
    integrity sha1-ofeDj4MUxRbwXs78vEzP4EtO14k=
  
  os-shim@^0.1.2:
    version "0.1.3"
    resolved "https://registry.npm.taobao.org/os-shim/download/os-shim-0.1.3.tgz#6b62c3791cf7909ea35ed46e17658bb417cb3917"
    integrity sha1-a2LDeRz3kJ6jXtRuF2WLtBfLORc=
  
  os-tmpdir@~1.0.1:
    version "1.0.2"
    resolved "https://registry.npm.taobao.org/os-tmpdir/download/os-tmpdir-1.0.2.tgz#bbe67406c79aa85c5cfec766fe5734555dfa1274"
    integrity sha1-u+Z0BseaqFxc/sdm/lc0VV36EnQ=
  
  pinkie-promise@^2.0.0:
    version "2.0.1"
    resolved "https://registry.npm.taobao.org/pinkie-promise/download/pinkie-promise-2.0.1.tgz#2135d6dfa7a358c069ac9b178776288228450ffa"
    integrity sha1-ITXW36ejWMBprJsXh3YogihFD/o=
    dependencies:
      pinkie "^2.0.0"
  
  pinkie@^2.0.0:
    version "2.0.4"
    resolved "https://registry.npm.taobao.org/pinkie/download/pinkie-2.0.4.tgz#72556b80cfa0d48a974e80e77248e80ed4f7f870"
    integrity sha1-clVrgM+g1IqXToDnckjoDtT3+HA=
  
  process-nextick-args@~2.0.0:
    version "2.0.1"
    resolved "https://registry.npm.taobao.org/process-nextick-args/download/process-nextick-args-2.0.1.tgz#7820d9b16120cc55ca9ae7792680ae7dba6d7fe2"
    integrity sha1-eCDZsWEgzFXKmud5JoCufbptf+I=
  
  readable-stream@^2.2.2:
    version "2.3.7"
    resolved "https://registry.npm.taobao.org/readable-stream/download/readable-stream-2.3.7.tgz#1eca1cf711aef814c04f62252a36a62f6cb23b57"
    integrity sha1-Hsoc9xGu+BTAT2IlKjamL2yyO1c=
    dependencies:
      core-util-is "~1.0.0"
      inherits "~2.0.3"
      isarray "~1.0.0"
      process-nextick-args "~2.0.0"
      safe-buffer "~5.1.1"
      string_decoder "~1.1.1"
      util-deprecate "~1.0.1"
  
  restore-cursor@^1.0.1:
    version "1.0.1"
    resolved "https://registry.npm.taobao.org/restore-cursor/download/restore-cursor-1.0.1.tgz#34661f46886327fed2991479152252df92daa541"
    integrity sha1-NGYfRohjJ/7SmRR5FSJS35LapUE=
    dependencies:
      exit-hook "^1.0.0"
      onetime "^1.0.0"
  
  run-async@^2.2.0:
    version "2.4.1"
    resolved "https://registry.npm.taobao.org/run-async/download/run-async-2.4.1.tgz#8440eccf99ea3e70bd409d49aab88e10c189a455"
    integrity sha1-hEDsz5nqPnC9QJ1JqriOEMGJpFU=
  
  rx@^4.1.0:
    version "4.1.0"
    resolved "https://registry.npm.taobao.org/rx/download/rx-4.1.0.tgz#a5f13ff79ef3b740fe30aa803fb09f98805d4782"
    integrity sha1-pfE/957zt0D+MKqAP7CfmIBdR4I=
  
  safe-buffer@~5.1.0, safe-buffer@~5.1.1:
    version "5.1.2"
    resolved "https://registry.npm.taobao.org/safe-buffer/download/safe-buffer-5.1.2.tgz#991ec69d296e0313747d59bdfd2b745c35f8828d"
    integrity sha1-mR7GnSluAxN0fVm9/St0XDX4go0=
  
  spawn-sync@^1.0.15:
    version "1.0.15"
    resolved "https://registry.npm.taobao.org/spawn-sync/download/spawn-sync-1.0.15.tgz#b00799557eb7fb0c8376c29d44e8a1ea67e57476"
    integrity sha1-sAeZVX63+wyDdsKdROih6mfldHY=
    dependencies:
      concat-stream "^1.4.7"
      os-shim "^0.1.2"
  
  string-width@^1.0.1:
    version "1.0.2"
    resolved "https://registry.npm.taobao.org/string-width/download/string-width-1.0.2.tgz?cache=0&sync_timestamp=1614522217971&other_urls=https%3A%2F%2Fregistry.npm.taobao.org%2Fstring-width%2Fdownload%2Fstring-width-1.0.2.tgz#118bdf5b8cdc51a2a7e70d211e07e2b0b9b107d3"
    integrity sha1-EYvfW4zcUaKn5w0hHgfisLmxB9M=
    dependencies:
      code-point-at "^1.0.0"
      is-fullwidth-code-point "^1.0.0"
      strip-ansi "^3.0.0"
  
  string_decoder@~1.1.1:
    version "1.1.1"
    resolved "https://registry.npm.taobao.org/string_decoder/download/string_decoder-1.1.1.tgz#9cf1611ba62685d7030ae9e4ba34149c3af03fc8"
    integrity sha1-nPFhG6YmhdcDCunkujQUnDrwP8g=
    dependencies:
      safe-buffer "~5.1.0"
  
  strip-ansi@^3.0.0:
    version "3.0.1"
    resolved "https://registry.npm.taobao.org/strip-ansi/download/strip-ansi-3.0.1.tgz#6a385fb8853d952d5ff05d0e8aaf94278dc63dcf"
    integrity sha1-ajhfuIU9lS1f8F0Oiq+UJ43GPc8=
    dependencies:
      ansi-regex "^2.0.0"
  
  supports-color@^2.0.0:
    version "2.0.0"
    resolved "https://registry.npm.taobao.org/supports-color/download/supports-color-2.0.0.tgz?cache=0&sync_timestamp=1611394043517&other_urls=https%3A%2F%2Fregistry.npm.taobao.org%2Fsupports-color%2Fdownload%2Fsupports-color-2.0.0.tgz#535d045ce6b6363fa40117084629995e9df324c7"
    integrity sha1-U10EXOa2Nj+kARcIRimZXp3zJMc=
  
  supports-color@^7.1.0:
    version "7.2.0"
    resolved "https://registry.npm.taobao.org/supports-color/download/supports-color-7.2.0.tgz?cache=0&sync_timestamp=1611394043517&other_urls=https%3A%2F%2Fregistry.npm.taobao.org%2Fsupports-color%2Fdownload%2Fsupports-color-7.2.0.tgz#1b7dcdcb32b8138801b3e478ba6a51caa89648da"
    integrity sha1-G33NyzK4E4gBs+R4umpRyqiWSNo=
    dependencies:
      has-flag "^4.0.0"
  
  through@^2.3.6:
    version "2.3.8"
    resolved "https://registry.npm.taobao.org/through/download/through-2.3.8.tgz#0dd4c9ffaabc357960b1b724115d7e0e86a2e1f5"
    integrity sha1-DdTJ/6q8NXlgsbckEV1+Doai4fU=
  
  tmp@^0.0.29:
    version "0.0.29"
    resolved "https://registry.npm.taobao.org/tmp/download/tmp-0.0.29.tgz#f25125ff0dd9da3ccb0c2dd371ee1288bb9128c0"
    integrity sha1-8lEl/w3Z2jzLDC3Tce4SiLuRKMA=
    dependencies:
      os-tmpdir "~1.0.1"
  
  typedarray@^0.0.6:
    version "0.0.6"
    resolved "https://registry.npm.taobao.org/typedarray/download/typedarray-0.0.6.tgz#867ac74e3864187b1d3d47d996a78ec5c8830777"
    integrity sha1-hnrHTjhkGHsdPUfZlqeOxciDB3c=
  
  util-deprecate@~1.0.1:
    version "1.0.2"
    resolved "https://registry.npm.taobao.org/util-deprecate/download/util-deprecate-1.0.2.tgz#450d4dc9fa70de732762fbd2d4a28981419a0ccf"
    integrity sha1-RQ1Nyfpw3nMnYvvS1KKJgUGaDM8=
